TN:
SF:app.js
FN:12,(anonymous_0)
FN:21,(anonymous_1)
FN:30,(anonymous_2)
FN:40,(anonymous_3)
FNF:4
FNH:4
FNDA:1,(anonymous_0)
FNDA:1,(anonymous_1)
FNDA:1,(anonymous_2)
FNDA:1,(anonymous_3)
DA:1,1
DA:2,1
DA:3,1
DA:4,1
DA:5,1
DA:7,1
DA:8,1
DA:10,1
DA:12,1
DA:13,1
DA:14,1
DA:16,0
DA:21,1
DA:22,1
DA:23,1
DA:24,1
DA:26,0
DA:30,1
DA:31,1
DA:32,1
DA:33,1
DA:35,0
DA:40,1
DA:41,1
DA:46,1
LF:25
LH:22
BRDA:13,0,0,1
BRDA:13,0,1,0
BRDA:23,1,0,1
BRDA:23,1,1,0
BRDA:32,2,0,1
BRDA:32,2,1,0
BRF:6
BRH:3
end_of_record
TN:
SF:logger.js
FN:1,logger
FNF:1
FNH:1
FNDA:4,logger
DA:2,4
DA:3,4
DA:6,1
LF:3
LH:3
BRF:0
BRH:0
end_of_record
