TN:
SF:class.js
FN:1,shuffleArray
FN:12,(anonymous_1)
FN:20,(anonymous_2)
FN:28,(anonymous_3)
FN:33,(anonymous_4)
FN:36,(anonymous_5)
FN:39,(anonymous_6)
FNF:7
FNH:6
FNDA:6,shuffleArray
FNDA:5,(anonymous_1)
FNDA:2,(anonymous_2)
FNDA:0,(anonymous_3)
FNDA:1,(anonymous_4)
FNDA:1,(anonymous_5)
FNDA:1,(anonymous_6)
DA:2,6
DA:4,19
DA:7,19
DA:9,6
DA:13,5
DA:14,5
DA:15,5
DA:16,5
DA:18,5
DA:21,2
DA:22,1
DA:24,1
DA:29,0
DA:34,1
DA:37,1
DA:40,1
DA:45,1
LF:17
LH:16
BRDA:21,0,0,1
BRDA:21,0,1,1
BRF:2
BRH:2
end_of_record
